<?xml version="1.0" encoding="UTF-8"?>
<testsuite xmlns:xsi="http://www.w3.org/2001/XMLSchema-instance" xsi:noNamespaceSchemaLocation="https://maven.apache.org/surefire/maven-surefire-plugin/xsd/surefire-test-report-3.0.xsd" version="3.0" name="cn.welsione.client.MultiInstanceAndBatchTest" time="61.627" tests="7" errors="0" skipped="0" failures="0">
  <properties>
[...]
</properties>
  <testcase name="testSerialAgent" classname="cn.welsione.client.MultiInstanceAndBatchTest" time="56.876">
    <system-out><![CDATA[14:56:57.472 [main] INFO cn.welsione.client.OpenClawClient -- OpenClawClient initialized with base URL: https://openclaw.example.com
14:56:57.472 [main] INFO cn.welsione.client.OpenClawClientManager -- Initialized OpenClaw client: production
14:56:57.473 [main] INFO cn.welsione.client.OpenClawClient -- OpenClawClient initialized with base URL: http://127.0.0.1:18789
14:56:57.473 [main] INFO cn.welsione.client.OpenClawClientManager -- Initialized OpenClaw client: local

=== Testing Serial Agent ===
14:57:29.620 [main] ERROR cn.welsione.client.http.OpenClawHttpClient -- Request to /agent failed: timeout
14:57:53.982 [main] INFO cn.welsione.client.http.OpenClawHttpClient -- Request to /agent successful, status: 200
14:57:54.385 [main] INFO cn.welsione.client.http.OpenClawHttpClient -- Request to /agent successful, status: 200
Result: BatchResult{total=3, success=2, failed=1}
Total: 3
Success: 2
Failed: 1
14:57:54.510 [main] INFO cn.welsione.client.OpenClawClientManager -- All OpenClaw clients closed
]]></system-out>
  </testcase>
  <testcase name="testParallelAgent" classname="cn.welsione.client.MultiInstanceAndBatchTest" time="0.792">
    <system-out><![CDATA[14:57:54.609 [main] INFO cn.welsione.client.OpenClawClient -- OpenClawClient initialized with base URL: https://openclaw.example.com
14:57:54.609 [main] INFO cn.welsione.client.OpenClawClientManager -- Initialized OpenClaw client: production
14:57:54.610 [main] INFO cn.welsione.client.OpenClawClient -- OpenClawClient initialized with base URL: http://127.0.0.1:18789
14:57:54.610 [main] INFO cn.welsione.client.OpenClawClientManager -- Initialized OpenClaw client: local

=== Testing Parallel Agent ===
14:57:54.833 [pool-3-thread-3] INFO cn.welsione.client.http.OpenClawHttpClient -- Request to /agent successful, status: 200
14:57:55.390 [pool-3-thread-1] INFO cn.welsione.client.http.OpenClawHttpClient -- Request to /agent successful, status: 200
14:57:55.393 [pool-3-thread-2] INFO cn.welsione.client.http.OpenClawHttpClient -- Request to /agent successful, status: 200
Result: BatchResult{total=3, success=3, failed=0}
Total: 3
Success: 3
14:57:55.400 [main] INFO cn.welsione.client.OpenClawClientManager -- All OpenClaw clients closed
]]></system-out>
  </testcase>
  <testcase name="testDefaultInstance" classname="cn.welsione.client.MultiInstanceAndBatchTest" time="0.001">
    <system-out><![CDATA[14:57:55.401 [main] INFO cn.welsione.client.OpenClawClient -- OpenClawClient initialized with base URL: https://openclaw.example.com
14:57:55.401 [main] INFO cn.welsione.client.OpenClawClientManager -- Initialized OpenClaw client: production
14:57:55.401 [main] INFO cn.welsione.client.OpenClawClient -- OpenClawClient initialized with base URL: http://127.0.0.1:18789
14:57:55.401 [main] INFO cn.welsione.client.OpenClawClientManager -- Initialized OpenClaw client: local

=== Testing Default Instance ===
Default instance baseUrl: http://127.0.0.1:18789
14:57:55.402 [main] INFO cn.welsione.client.OpenClawClientManager -- All OpenClaw clients closed
]]></system-out>
  </testcase>
  <testcase name="testSerialWake" classname="cn.welsione.client.MultiInstanceAndBatchTest" time="0.165">
    <system-out><![CDATA[14:57:55.404 [main] INFO cn.welsione.client.OpenClawClient -- OpenClawClient initialized with base URL: https://openclaw.example.com
14:57:55.405 [main] INFO cn.welsione.client.OpenClawClientManager -- Initialized OpenClaw client: production
14:57:55.405 [main] INFO cn.welsione.client.OpenClawClient -- OpenClawClient initialized with base URL: http://127.0.0.1:18789
14:57:55.405 [main] INFO cn.welsione.client.OpenClawClientManager -- Initialized OpenClaw client: local

=== Testing Serial Wake ===
14:57:55.500 [main] INFO cn.welsione.client.http.OpenClawHttpClient -- Request to /wake successful, status: 200
14:57:55.512 [main] INFO cn.welsione.client.http.OpenClawHttpClient -- Request to /wake successful, status: 200
14:57:55.548 [main] INFO cn.welsione.client.http.OpenClawHttpClient -- Request to /wake successful, status: 200
Total requests: 3
Successful: 3
14:57:55.568 [main] INFO cn.welsione.client.OpenClawClientManager -- All OpenClaw clients closed
]]></system-out>
  </testcase>
  <testcase name="testMultiInstanceConfig" classname="cn.welsione.client.MultiInstanceAndBatchTest" time="0.003">
    <system-out><![CDATA[14:57:55.569 [main] INFO cn.welsione.client.OpenClawClient -- OpenClawClient initialized with base URL: https://openclaw.example.com
14:57:55.570 [main] INFO cn.welsione.client.OpenClawClientManager -- Initialized OpenClaw client: production
14:57:55.570 [main] INFO cn.welsione.client.OpenClawClient -- OpenClawClient initialized with base URL: http://127.0.0.1:18789
14:57:55.570 [main] INFO cn.welsione.client.OpenClawClientManager -- Initialized OpenClaw client: local

=== Testing Multi Instance Config ===
Local baseUrl: http://127.0.0.1:18789
Production baseUrl: https://openclaw.example.com
14:57:55.571 [main] INFO cn.welsione.client.OpenClawClientManager -- All OpenClaw clients closed
]]></system-out>
  </testcase>
  <testcase name="testBatchResult" classname="cn.welsione.client.MultiInstanceAndBatchTest" time="3.41">
    <system-out><![CDATA[14:57:55.572 [main] INFO cn.welsione.client.OpenClawClient -- OpenClawClient initialized with base URL: https://openclaw.example.com
14:57:55.572 [main] INFO cn.welsione.client.OpenClawClientManager -- Initialized OpenClaw client: production
14:57:55.572 [main] INFO cn.welsione.client.OpenClawClient -- OpenClawClient initialized with base URL: http://127.0.0.1:18789
14:57:55.572 [main] INFO cn.welsione.client.OpenClawClientManager -- Initialized OpenClaw client: local

=== Testing Batch Result ===
14:57:58.579 [pool-7-thread-1] INFO cn.welsione.client.http.OpenClawHttpClient -- Request to /agent successful, status: 200
14:57:58.981 [pool-7-thread-2] INFO cn.welsione.client.http.OpenClawHttpClient -- Request to /agent successful, status: 200
Batch result: BatchResult{total=2, success=2, failed=0}
14:57:58.983 [main] INFO cn.welsione.client.OpenClawClientManager -- All OpenClaw clients closed
]]></system-out>
  </testcase>
  <testcase name="testParallelWake" classname="cn.welsione.client.MultiInstanceAndBatchTest" time="0.26">
    <system-out><![CDATA[14:57:58.998 [main] INFO cn.welsione.client.OpenClawClient -- OpenClawClient initialized with base URL: https://openclaw.example.com
14:57:58.998 [main] INFO cn.welsione.client.OpenClawClientManager -- Initialized OpenClaw client: production
14:57:58.999 [main] INFO cn.welsione.client.OpenClawClient -- OpenClawClient initialized with base URL: http://127.0.0.1:18789
14:57:58.999 [main] INFO cn.welsione.client.OpenClawClientManager -- Initialized OpenClaw client: local

=== Testing Parallel Wake ===
14:57:59.245 [pool-8-thread-2] INFO cn.welsione.client.http.OpenClawHttpClient -- Request to /wake successful, status: 200
14:57:59.245 [pool-8-thread-3] INFO cn.welsione.client.http.OpenClawHttpClient -- Request to /wake successful, status: 200
14:57:59.251 [pool-8-thread-1] INFO cn.welsione.client.http.OpenClawHttpClient -- Request to /wake successful, status: 200
Total requests: 3
Successful: 3
14:57:59.255 [main] INFO cn.welsione.client.OpenClawClientManager -- All OpenClaw clients closed
]]></system-out>
  </testcase>
</testsuite>