<?xml version="1.0" encoding="UTF-8"?>
<testsuite xmlns:xsi="http://www.w3.org/2001/XMLSchema-instance" xsi:noNamespaceSchemaLocation="https://maven.apache.org/surefire/maven-surefire-plugin/xsd/surefire-test-report-3.0.xsd" version="3.0" name="cn.welsione.client.WebhookIntegrationTest" time="0.463" tests="8" errors="0" skipped="0" failures="0">
  <properties>
[...]
</properties>
  <testcase name="testProperties" classname="cn.welsione.client.WebhookIntegrationTest" time="0.001">
    <system-out><![CDATA[14:57:59.294 [main] INFO cn.welsione.client.OpenClawClient -- OpenClawClient initialized with base URL: http://127.0.0.1:18789

=== Testing Properties ===
Base URL: http://127.0.0.1:18789
Hooks enabled: true
Full webhook URL: http://127.0.0.1:18789/hooks/wake
]]></system-out>
  </testcase>
  <testcase name="testWakeWithMode" classname="cn.welsione.client.WebhookIntegrationTest" time="0.265">
    <system-out><![CDATA[14:57:59.296 [main] INFO cn.welsione.client.OpenClawClient -- OpenClawClient initialized with base URL: http://127.0.0.1:18789

=== Testing /hooks/wake with mode ===
14:57:59.600 [main] INFO cn.welsione.client.http.OpenClawHttpClient -- Request to /wake successful, status: 200
Success: true
Status: 200
]]></system-out>
  </testcase>
  <testcase name="testCustomHookNotConfigured" classname="cn.welsione.client.WebhookIntegrationTest" time="0.143">
    <system-out><![CDATA[14:57:59.602 [main] INFO cn.welsione.client.OpenClawClient -- OpenClawClient initialized with base URL: http://127.0.0.1:18789

=== Testing custom hook (not configured - expected 404) ===
14:57:59.748 [main] WARN cn.welsione.client.http.OpenClawHttpClient -- Request to /test failed, status: 404, body: Not Found
Success: false
Status: 404
]]></system-out>
  </testcase>
  <testcase name="testWebhookService" classname="cn.welsione.client.WebhookIntegrationTest" time="0.003">
    <system-out><![CDATA[14:57:59.749 [main] INFO cn.welsione.client.OpenClawClient -- OpenClawClient initialized with base URL: http://127.0.0.1:18789

=== Testing WebhookService ===
isEnabled: true
validateToken(valid): true
validateToken(invalid): false
]]></system-out>
  </testcase>
  <testcase name="testAgentWithFullOptions" classname="cn.welsione.client.WebhookIntegrationTest" time="0.01">
    <system-out><![CDATA[14:57:59.752 [main] INFO cn.welsione.client.OpenClawClient -- OpenClawClient initialized with base URL: http://127.0.0.1:18789

=== Testing /hooks/agent with full options ===
14:57:59.759 [main] INFO cn.welsione.client.http.OpenClawHttpClient -- Request to /agent successful, status: 200
Success: true
Status: 200
]]></system-out>
  </testcase>
  <testcase name="testGmailHook" classname="cn.welsione.client.WebhookIntegrationTest" time="0.014">
    <system-out><![CDATA[14:57:59.760 [main] INFO cn.welsione.client.OpenClawClient -- OpenClawClient initialized with base URL: http://127.0.0.1:18789

=== Testing /hooks/gmail ===
14:57:59.771 [main] WARN cn.welsione.client.http.OpenClawHttpClient -- Request to /gmail failed, status: 404, body: Not Found
Success: false
Status: 404
Body: null
]]></system-out>
  </testcase>
  <testcase name="testAgentEndpoint" classname="cn.welsione.client.WebhookIntegrationTest" time="0.011">
    <system-out><![CDATA[14:57:59.772 [main] INFO cn.welsione.client.OpenClawClient -- OpenClawClient initialized with base URL: http://127.0.0.1:18789

=== Testing /hooks/agent ===
14:57:59.789 [main] INFO cn.welsione.client.http.OpenClawHttpClient -- Request to /agent successful, status: 200
Success: true
Status: 200
Body: {"ok":true,"runId":"4d9fa1c3-2b9b-4d6a-a536-3c405673ddba"}
]]></system-out>
  </testcase>
  <testcase name="testWakeEndpoint" classname="cn.welsione.client.WebhookIntegrationTest" time="0.011">
    <system-out><![CDATA[14:57:59.790 [main] INFO cn.welsione.client.OpenClawClient -- OpenClawClient initialized with base URL: http://127.0.0.1:18789

=== Testing /hooks/wake ===
14:57:59.794 [main] INFO cn.welsione.client.http.OpenClawHttpClient -- Request to /wake successful, status: 200
Success: true
Status: 200
Body: {"ok":true,"mode":"now"}
]]></system-out>
  </testcase>
</testsuite>