<?xml version="1.0" encoding="UTF-8"?>
<testsuite xmlns:xsi="http://www.w3.org/2001/XMLSchema-instance" xsi:noNamespaceSchemaLocation="https://maven.apache.org/surefire/maven-surefire-plugin/xsd/surefire-test-report-3.0.xsd" version="3.0" name="ai.openclaw.client.ws.ClientCacheTest" time="0.155" tests="4" errors="0" skipped="0" failures="0">
  <properties>
[...]
</properties>
  <testcase name="testExpiration" classname="ai.openclaw.client.ws.ClientCacheTest" time="0.152"/>
  <testcase name="testClear" classname="ai.openclaw.client.ws.ClientCacheTest" time="0.0"/>
  <testcase name="testPutAndGet" classname="ai.openclaw.client.ws.ClientCacheTest" time="0.001"/>
  <testcase name="testRemove" classname="ai.openclaw.client.ws.ClientCacheTest" time="0.0"/>
</testsuite>